<?xml version="1.0" encoding="UTF-8" ?>

<testsuite failures="0" time="51.011" errors="0" skipped="0" tests="23" name="models.activity.ActivityTest">
  <testcase classname="models.activity.ActivityTest" name="deleteForMember" time="3.549">
      </testcase>
  <testcase classname="models.activity.ActivityTest" name="recents" time="2.066">
      </testcase>
  <testcase classname="models.activity.ActivityTest" name="recentDatesByMember" time="1.919">
      </testcase>
  <testcase classname="models.activity.ActivityTest" name="recentsByMember" time="2.056">
      </testcase>
  <testcase classname="models.activity.ActivityTest" name="deleteForSession" time="2.338">
      </testcase>
  <testcase classname="models.activity.ActivityTest" name="recentsBySession" time="2.378">
      </testcase>
  <testcase classname="models.activity.ActivityTest" name="notifiablesBetween" time="2.098">
      </testcase>
  <testcase classname="models.activity.ActivityTest" name="recentsForMember" time="2.371">
      </testcase>
  <testcase classname="models.activity.ActivityTest" name="notifiablesForBetween" time="1.688">
      </testcase>
  <testcase classname="models.activity.ActivityTest" name="recentsByArticle" time="2.933">
      </testcase>
  <testcase classname="models.activity.ActivityTest" name="findOrderedMembers" time="2.883">
      </testcase>
  <testcase classname="models.activity.ActivityTest" name="deleteForArticle" time="2.04">
      </testcase>
  <testcase classname="models.activity.ActivityTest" name="uncomputedIds" time="1.922">
      </testcase>
  <testcase classname="models.activity.ActivityTest" name="notifiablesBetweenNullDate" time="2.131">
      </testcase>
  <testcase classname="models.activity.ActivityTest" name="notifiablesBetweenDateNull" time="2.301">
      </testcase>
  <testcase classname="models.activity.ActivityTest" name="notifiablesBetweenNullNull" time="1.853">
      </testcase>
  <testcase classname="models.activity.ActivityTest" name="recentsByMemberWithoutProvider" time="2.307">
      </testcase>
  <testcase classname="models.activity.ActivityTest" name="recentsForMemberWithoutProvider" time="1.659">
      </testcase>
  <testcase classname="models.activity.ActivityTest" name="recentsForMemberNoLinks" time="2.926">
      </testcase>
  <testcase classname="models.activity.ActivityTest" name="notifiablesForBetweenNullDate" time="1.76">
      </testcase>
  <testcase classname="models.activity.ActivityTest" name="notifiablesForBetweenDateNull" time="1.906">
      </testcase>
  <testcase classname="models.activity.ActivityTest" name="notifiablesForBetweenNullNull" time="1.88">
      </testcase>
  <testcase classname="models.activity.ActivityTest" name="deleteForMemberWithProvider" time="2.047">
      </testcase>
</testsuite>
