<?xml version="1.0" encoding="UTF-8" ?>

<testsuite failures="0" time="145.139" errors="0" skipped="0" tests="10" name="helpers.badge.SocialBadgeComputerTest">
  <testcase classname="helpers.badge.SocialBadgeComputerTest" name="grantedNewBorn" time="2.19">
      </testcase>
  <testcase classname="helpers.badge.SocialBadgeComputerTest" name="grantedFriendly" time="4.396">
      </testcase>
  <testcase classname="helpers.badge.SocialBadgeComputerTest" name="grantedSocialBeast" time="12.99">
      </testcase>
  <testcase classname="helpers.badge.SocialBadgeComputerTest" name="grantedMadLinker" time="23.863">
      </testcase>
  <testcase classname="helpers.badge.SocialBadgeComputerTest" name="grantedYouReNotAlone" time="2.667">
      </testcase>
  <testcase classname="helpers.badge.SocialBadgeComputerTest" name="grantedLocalCelebrity" time="4.037">
      </testcase>
  <testcase classname="helpers.badge.SocialBadgeComputerTest" name="grantedRockStar" time="13.365">
      </testcase>
  <testcase classname="helpers.badge.SocialBadgeComputerTest" name="grantedLeader" time="25.78">
      </testcase>
  <testcase classname="helpers.badge.SocialBadgeComputerTest" name="grantedIdol" time="54.225">
      </testcase>
  <testcase classname="helpers.badge.SocialBadgeComputerTest" name="notGranted" time="1.626">
      </testcase>
</testsuite>
