<?xml version="1.0" encoding="UTF-8" ?>

<testsuite failures="0" time="13.889" errors="0" skipped="0" tests="5" name="models.VoteTest">
  <testcase classname="models.VoteTest" name="deleteForMember" time="3.657">
      </testcase>
  <testcase classname="models.VoteTest" name="findVotersBySession" time="2.898">
      </testcase>
  <testcase classname="models.VoteTest" name="findFavoriteTalksByMember" time="3.263">
      </testcase>
  <testcase classname="models.VoteTest" name="countVotesByMember" time="2.001">
      </testcase>
  <testcase classname="models.VoteTest" name="findVote" time="2.07">
      </testcase>
</testsuite>
